Determining if the Q_WS_WIN exist failed with the following output:
Change Dir: /hdd/home/hendrik/calligra/myplugin/build/CMakeFiles/CMakeTmp

Run Build Command:"/usr/bin/gmake" "cmTC_f067e/fast"
/usr/bin/gmake -f CMakeFiles/cmTC_f067e.dir/build.make CMakeFiles/cmTC_f067e.dir/build
gmake[1]: Entering directory '/hdd/home/hendrik/calligra/myplugin/build/CMakeFiles/CMakeTmp'
Building C object CMakeFiles/cmTC_f067e.dir/CheckSymbolExists.c.o
/usr/bin/cc     -o CMakeFiles/cmTC_f067e.dir/CheckSymbolExists.c.o   -c /hdd/home/hendrik/calligra/myplugin/build/CMakeFiles/CMakeTmp/CheckSymbolExists.c
/hdd/home/hendrik/calligra/myplugin/build/CMakeFiles/CMakeTmp/CheckSymbolExists.c: In function ‘main’:
/hdd/home/hendrik/calligra/myplugin/build/CMakeFiles/CMakeTmp/CheckSymbolExists.c:8:19: error: ‘Q_WS_WIN’ undeclared (first use in this function)
   return ((int*)(&Q_WS_WIN))[argc];
                   ^
/hdd/home/hendrik/calligra/myplugin/build/CMakeFiles/CMakeTmp/CheckSymbolExists.c:8:19: note: each undeclared identifier is reported only once for each function it appears in
CMakeFiles/cmTC_f067e.dir/build.make:65: recipe for target 'CMakeFiles/cmTC_f067e.dir/CheckSymbolExists.c.o' failed
gmake[1]: *** [CMakeFiles/cmTC_f067e.dir/CheckSymbolExists.c.o] Error 1
gmake[1]: Leaving directory '/hdd/home/hendrik/calligra/myplugin/build/CMakeFiles/CMakeTmp'
Makefile:126: recipe for target 'cmTC_f067e/fast' failed
gmake: *** [cmTC_f067e/fast] Error 2

File /hdd/home/hendrik/calligra/myplugin/build/CMakeFiles/CMakeTmp/CheckSymbolExists.c:
/* */
#include <QtCore/qglobal.h>

int main(int argc, char** argv)
{
  (void)argv;
#ifndef Q_WS_WIN
  return ((int*)(&Q_WS_WIN))[argc];
#else
  (void)argc;
  return 0;
#endif
}

Determining if the Q_WS_QWS exist failed with the following output:
Change Dir: /hdd/home/hendrik/calligra/myplugin/build/CMakeFiles/CMakeTmp

Run Build Command:"/usr/bin/gmake" "cmTC_410d1/fast"
/usr/bin/gmake -f CMakeFiles/cmTC_410d1.dir/build.make CMakeFiles/cmTC_410d1.dir/build
gmake[1]: Entering directory '/hdd/home/hendrik/calligra/myplugin/build/CMakeFiles/CMakeTmp'
Building C object CMakeFiles/cmTC_410d1.dir/CheckSymbolExists.c.o
/usr/bin/cc     -o CMakeFiles/cmTC_410d1.dir/CheckSymbolExists.c.o   -c /hdd/home/hendrik/calligra/myplugin/build/CMakeFiles/CMakeTmp/CheckSymbolExists.c
/hdd/home/hendrik/calligra/myplugin/build/CMakeFiles/CMakeTmp/CheckSymbolExists.c: In function ‘main’:
/hdd/home/hendrik/calligra/myplugin/build/CMakeFiles/CMakeTmp/CheckSymbolExists.c:8:19: error: ‘Q_WS_QWS’ undeclared (first use in this function)
   return ((int*)(&Q_WS_QWS))[argc];
                   ^
/hdd/home/hendrik/calligra/myplugin/build/CMakeFiles/CMakeTmp/CheckSymbolExists.c:8:19: note: each undeclared identifier is reported only once for each function it appears in
CMakeFiles/cmTC_410d1.dir/build.make:65: recipe for target 'CMakeFiles/cmTC_410d1.dir/CheckSymbolExists.c.o' failed
gmake[1]: *** [CMakeFiles/cmTC_410d1.dir/CheckSymbolExists.c.o] Error 1
gmake[1]: Leaving directory '/hdd/home/hendrik/calligra/myplugin/build/CMakeFiles/CMakeTmp'
Makefile:126: recipe for target 'cmTC_410d1/fast' failed
gmake: *** [cmTC_410d1/fast] Error 2

File /hdd/home/hendrik/calligra/myplugin/build/CMakeFiles/CMakeTmp/CheckSymbolExists.c:
/* */
#include <QtCore/qglobal.h>

int main(int argc, char** argv)
{
  (void)argv;
#ifndef Q_WS_QWS
  return ((int*)(&Q_WS_QWS))[argc];
#else
  (void)argc;
  return 0;
#endif
}

Determining if the Q_WS_MAC exist failed with the following output:
Change Dir: /hdd/home/hendrik/calligra/myplugin/build/CMakeFiles/CMakeTmp

Run Build Command:"/usr/bin/gmake" "cmTC_4b673/fast"
/usr/bin/gmake -f CMakeFiles/cmTC_4b673.dir/build.make CMakeFiles/cmTC_4b673.dir/build
gmake[1]: Entering directory '/hdd/home/hendrik/calligra/myplugin/build/CMakeFiles/CMakeTmp'
Building C object CMakeFiles/cmTC_4b673.dir/CheckSymbolExists.c.o
/usr/bin/cc     -o CMakeFiles/cmTC_4b673.dir/CheckSymbolExists.c.o   -c /hdd/home/hendrik/calligra/myplugin/build/CMakeFiles/CMakeTmp/CheckSymbolExists.c
/hdd/home/hendrik/calligra/myplugin/build/CMakeFiles/CMakeTmp/CheckSymbolExists.c: In function ‘main’:
/hdd/home/hendrik/calligra/myplugin/build/CMakeFiles/CMakeTmp/CheckSymbolExists.c:8:19: error: ‘Q_WS_MAC’ undeclared (first use in this function)
   return ((int*)(&Q_WS_MAC))[argc];
                   ^
/hdd/home/hendrik/calligra/myplugin/build/CMakeFiles/CMakeTmp/CheckSymbolExists.c:8:19: note: each undeclared identifier is reported only once for each function it appears in
CMakeFiles/cmTC_4b673.dir/build.make:65: recipe for target 'CMakeFiles/cmTC_4b673.dir/CheckSymbolExists.c.o' failed
gmake[1]: *** [CMakeFiles/cmTC_4b673.dir/CheckSymbolExists.c.o] Error 1
gmake[1]: Leaving directory '/hdd/home/hendrik/calligra/myplugin/build/CMakeFiles/CMakeTmp'
Makefile:126: recipe for target 'cmTC_4b673/fast' failed
gmake: *** [cmTC_4b673/fast] Error 2

File /hdd/home/hendrik/calligra/myplugin/build/CMakeFiles/CMakeTmp/CheckSymbolExists.c:
/* */
#include <QtCore/qglobal.h>

int main(int argc, char** argv)
{
  (void)argv;
#ifndef Q_WS_MAC
  return ((int*)(&Q_WS_MAC))[argc];
#else
  (void)argc;
  return 0;
#endif
}

Determining if the pthread_create exist failed with the following output:
Change Dir: /hdd/home/hendrik/calligra/myplugin/build/CMakeFiles/CMakeTmp

Run Build Command:"/usr/bin/gmake" "cmTC_df55d/fast"
/usr/bin/gmake -f CMakeFiles/cmTC_df55d.dir/build.make CMakeFiles/cmTC_df55d.dir/build
gmake[1]: Entering directory '/hdd/home/hendrik/calligra/myplugin/build/CMakeFiles/CMakeTmp'
Building C object CMakeFiles/cmTC_df55d.dir/CheckSymbolExists.c.o
/usr/bin/cc     -o CMakeFiles/cmTC_df55d.dir/CheckSymbolExists.c.o   -c /hdd/home/hendrik/calligra/myplugin/build/CMakeFiles/CMakeTmp/CheckSymbolExists.c
Linking C executable cmTC_df55d
/usr/bin/cmake -E cmake_link_script CMakeFiles/cmTC_df55d.dir/link.txt --verbose=1
/usr/bin/cc       CMakeFiles/cmTC_df55d.dir/CheckSymbolExists.c.o  -o cmTC_df55d -rdynamic 
CMakeFiles/cmTC_df55d.dir/CheckSymbolExists.c.o: In function `main':
CheckSymbolExists.c:(.text+0x16): undefined reference to `pthread_create'
collect2: error: ld returned 1 exit status
CMakeFiles/cmTC_df55d.dir/build.make:97: recipe for target 'cmTC_df55d' failed
gmake[1]: *** [cmTC_df55d] Error 1
gmake[1]: Leaving directory '/hdd/home/hendrik/calligra/myplugin/build/CMakeFiles/CMakeTmp'
Makefile:126: recipe for target 'cmTC_df55d/fast' failed
gmake: *** [cmTC_df55d/fast] Error 2

File /hdd/home/hendrik/calligra/myplugin/build/CMakeFiles/CMakeTmp/CheckSymbolExists.c:
/* */
#include <pthread.h>

int main(int argc, char** argv)
{
  (void)argv;
#ifndef pthread_create
  return ((int*)(&pthread_create))[argc];
#else
  (void)argc;
  return 0;
#endif
}

Determining if the function pthread_create exists in the pthreads failed with the following output:
Change Dir: /hdd/home/hendrik/calligra/myplugin/build/CMakeFiles/CMakeTmp

Run Build Command:"/usr/bin/gmake" "cmTC_9315e/fast"
/usr/bin/gmake -f CMakeFiles/cmTC_9315e.dir/build.make CMakeFiles/cmTC_9315e.dir/build
gmake[1]: Entering directory '/hdd/home/hendrik/calligra/myplugin/build/CMakeFiles/CMakeTmp'
Building C object CMakeFiles/cmTC_9315e.dir/CheckFunctionExists.c.o
/usr/bin/cc    -DCHECK_FUNCTION_EXISTS=pthread_create   -o CMakeFiles/cmTC_9315e.dir/CheckFunctionExists.c.o   -c /usr/share/cmake/Modules/CheckFunctionExists.c
Linking C executable cmTC_9315e
/usr/bin/cmake -E cmake_link_script CMakeFiles/cmTC_9315e.dir/link.txt --verbose=1
/usr/bin/cc   -DCHECK_FUNCTION_EXISTS=pthread_create    CMakeFiles/cmTC_9315e.dir/CheckFunctionExists.c.o  -o cmTC_9315e -rdynamic -lpthreads 
/usr/lib64/gcc/x86_64-suse-linux/4.8/../../../../x86_64-suse-linux/bin/ld: cannot find -lpthreads
collect2: error: ld returned 1 exit status
CMakeFiles/cmTC_9315e.dir/build.make:97: recipe for target 'cmTC_9315e' failed
gmake[1]: *** [cmTC_9315e] Error 1
gmake[1]: Leaving directory '/hdd/home/hendrik/calligra/myplugin/build/CMakeFiles/CMakeTmp'
Makefile:126: recipe for target 'cmTC_9315e/fast' failed
gmake: *** [cmTC_9315e/fast] Error 2


